<?xml version="1.0" encoding="UTF-8"?>
<coverage generated="1773404325860" clover="3.2.0">
  <project timestamp="1773404325860" name="All files">
    <metrics statements="24" coveredstatements="24" conditionals="14" coveredconditionals="14" methods="6" coveredmethods="6" elements="44" coveredelements="44" complexity="0" loc="24" ncloc="24" packages="1" files="1" classes="1"/>
    <file name="costEngine.ts" path="/worktree/feature/393-petrol-vs-ev-cost-comparison-website-sprint-1-issue-393/src/petrol-vs-ev/costEngine.ts">
      <metrics statements="24" coveredstatements="24" conditionals="14" coveredconditionals="14" methods="6" coveredmethods="6"/>
      <line num="16" count="1" type="stmt"/>
      <line num="19" count="1" type="stmt"/>
      <line num="74" count="1" type="cond" truecount="1" falsecount="0"/>
      <line num="75" count="10" type="cond" truecount="2" falsecount="0"/>
      <line num="76" count="8" type="stmt"/>
      <line num="77" count="8" type="stmt"/>
      <line num="86" count="1" type="cond" truecount="1" falsecount="0"/>
      <line num="87" count="9" type="cond" truecount="2" falsecount="0"/>
      <line num="88" count="7" type="stmt"/>
      <line num="89" count="7" type="stmt"/>
      <line num="98" count="1" type="cond" truecount="1" falsecount="0"/>
      <line num="99" count="9" type="stmt"/>
      <line num="100" count="9" type="stmt"/>
      <line num="109" count="1" type="cond" truecount="1" falsecount="0"/>
      <line num="110" count="6" type="stmt"/>
      <line num="111" count="6" type="stmt"/>
      <line num="120" count="1" type="cond" truecount="1" falsecount="0"/>
      <line num="121" count="7" type="cond" truecount="2" falsecount="0"/>
      <line num="122" count="5" type="stmt"/>
      <line num="123" count="5" type="stmt"/>
      <line num="135" count="1" type="cond" truecount="1" falsecount="0"/>
      <line num="136" count="11" type="cond" truecount="2" falsecount="0"/>
      <line num="137" count="9" type="stmt"/>
      <line num="138" count="9" type="stmt"/>
    </file>
  </project>
</coverage>
