{"/worktree/feature/393-petrol-vs-ev-cost-comparison-website-sprint-1-issue-393/src/petrol-vs-ev/costEngine.ts": {"path":"/worktree/feature/393-petrol-vs-ev-cost-comparison-website-sprint-1-issue-393/src/petrol-vs-ev/costEngine.ts","all":false,"statementMap":{"15":{"start":{"line":16,"column":0},"end":{"line":16,"column":32}},"18":{"start":{"line":19,"column":0},"end":{"line":19,"column":31}},"73":{"start":{"line":74,"column":0},"end":{"line":74,"column":85}},"74":{"start":{"line":75,"column":0},"end":{"line":75,"column":32}},"75":{"start":{"line":76,"column":0},"end":{"line":76,"column":50}},"76":{"start":{"line":77,"column":0},"end":{"line":77,"column":1}},"85":{"start":{"line":86,"column":0},"end":{"line":86,"column":110}},"86":{"start":{"line":87,"column":0},"end":{"line":87,"column":50}},"87":{"start":{"line":88,"column":0},"end":{"line":88,"column":55}},"88":{"start":{"line":89,"column":0},"end":{"line":89,"column":1}},"97":{"start":{"line":98,"column":0},"end":{"line":98,"column":89}},"98":{"start":{"line":99,"column":0},"end":{"line":99,"column":40}},"99":{"start":{"line":100,"column":0},"end":{"line":100,"column":1}},"108":{"start":{"line":109,"column":0},"end":{"line":109,"column":79}},"109":{"start":{"line":110,"column":0},"end":{"line":110,"column":33}},"110":{"start":{"line":111,"column":0},"end":{"line":111,"column":1}},"119":{"start":{"line":120,"column":0},"end":{"line":120,"column":85}},"120":{"start":{"line":121,"column":0},"end":{"line":121,"column":50}},"121":{"start":{"line":122,"column":0},"end":{"line":122,"column":52}},"122":{"start":{"line":123,"column":0},"end":{"line":123,"column":1}},"134":{"start":{"line":135,"column":0},"end":{"line":135,"column":98}},"135":{"start":{"line":136,"column":0},"end":{"line":136,"column":47}},"136":{"start":{"line":137,"column":0},"end":{"line":137,"column":46}},"137":{"start":{"line":138,"column":0},"end":{"line":138,"column":1}}},"s":{"15":1,"18":1,"73":1,"74":10,"75":8,"76":8,"85":1,"86":9,"87":7,"88":7,"97":1,"98":9,"99":9,"108":1,"109":6,"110":6,"119":1,"120":7,"121":5,"122":5,"134":1,"135":11,"136":9,"137":9},"branchMap":{"0":{"type":"branch","line":74,"loc":{"start":{"line":74,"column":7},"end":{"line":77,"column":1}},"locations":[{"start":{"line":74,"column":7},"end":{"line":77,"column":1}}]},"1":{"type":"branch","line":75,"loc":{"start":{"line":75,"column":16},"end":{"line":75,"column":32}},"locations":[{"start":{"line":75,"column":16},"end":{"line":75,"column":32}}]},"2":{"type":"branch","line":75,"loc":{"start":{"line":75,"column":23},"end":{"line":77,"column":1}},"locations":[{"start":{"line":75,"column":23},"end":{"line":77,"column":1}}]},"3":{"type":"branch","line":86,"loc":{"start":{"line":86,"column":7},"end":{"line":89,"column":1}},"locations":[{"start":{"line":86,"column":7},"end":{"line":89,"column":1}}]},"4":{"type":"branch","line":87,"loc":{"start":{"line":87,"column":34},"end":{"line":87,"column":50}},"locations":[{"start":{"line":87,"column":34},"end":{"line":87,"column":50}}]},"5":{"type":"branch","line":87,"loc":{"start":{"line":87,"column":41},"end":{"line":89,"column":1}},"locations":[{"start":{"line":87,"column":41},"end":{"line":89,"column":1}}]},"6":{"type":"branch","line":98,"loc":{"start":{"line":98,"column":7},"end":{"line":100,"column":1}},"locations":[{"start":{"line":98,"column":7},"end":{"line":100,"column":1}}]},"7":{"type":"branch","line":109,"loc":{"start":{"line":109,"column":7},"end":{"line":111,"column":1}},"locations":[{"start":{"line":109,"column":7},"end":{"line":111,"column":1}}]},"8":{"type":"branch","line":120,"loc":{"start":{"line":120,"column":7},"end":{"line":123,"column":1}},"locations":[{"start":{"line":120,"column":7},"end":{"line":123,"column":1}}]},"9":{"type":"branch","line":121,"loc":{"start":{"line":121,"column":34},"end":{"line":121,"column":50}},"locations":[{"start":{"line":121,"column":34},"end":{"line":121,"column":50}}]},"10":{"type":"branch","line":121,"loc":{"start":{"line":121,"column":41},"end":{"line":123,"column":1}},"locations":[{"start":{"line":121,"column":41},"end":{"line":123,"column":1}}]},"11":{"type":"branch","line":135,"loc":{"start":{"line":135,"column":7},"end":{"line":138,"column":1}},"locations":[{"start":{"line":135,"column":7},"end":{"line":138,"column":1}}]},"12":{"type":"branch","line":136,"loc":{"start":{"line":136,"column":31},"end":{"line":136,"column":47}},"locations":[{"start":{"line":136,"column":31},"end":{"line":136,"column":47}}]},"13":{"type":"branch","line":136,"loc":{"start":{"line":136,"column":38},"end":{"line":138,"column":1}},"locations":[{"start":{"line":136,"column":38},"end":{"line":138,"column":1}}]}},"b":{"0":[10],"1":[2],"2":[8],"3":[9],"4":[2],"5":[7],"6":[9],"7":[6],"8":[7],"9":[2],"10":[5],"11":[11],"12":[2],"13":[9]},"fnMap":{"0":{"name":"iceCostPerMile","decl":{"start":{"line":74,"column":7},"end":{"line":77,"column":1}},"loc":{"start":{"line":74,"column":7},"end":{"line":77,"column":1}},"line":74},"1":{"name":"evCostPerMile","decl":{"start":{"line":86,"column":7},"end":{"line":89,"column":1}},"loc":{"start":{"line":86,"column":7},"end":{"line":89,"column":1}},"line":86},"2":{"name":"annualCost","decl":{"start":{"line":98,"column":7},"end":{"line":100,"column":1}},"loc":{"start":{"line":98,"column":7},"end":{"line":100,"column":1}},"line":98},"3":{"name":"iceCo2PerMile","decl":{"start":{"line":109,"column":7},"end":{"line":111,"column":1}},"loc":{"start":{"line":109,"column":7},"end":{"line":111,"column":1}},"line":109},"4":{"name":"evCo2PerMile","decl":{"start":{"line":120,"column":7},"end":{"line":123,"column":1}},"loc":{"start":{"line":120,"column":7},"end":{"line":123,"column":1}},"line":120},"5":{"name":"breakevenYears","decl":{"start":{"line":135,"column":7},"end":{"line":138,"column":1}},"loc":{"start":{"line":135,"column":7},"end":{"line":138,"column":1}},"line":135}},"f":{"0":10,"1":9,"2":9,"3":6,"4":7,"5":11}}
}
